#0 building with "colima" instance using docker driver

#1 [internal] load build definition from dockerfile
#1 transferring dockerfile: 610B done
#1 DONE 0.0s

#2 [internal] load metadata for docker.io/library/ubuntu:24.04
#2 DONE 0.0s

#3 [internal] load .dockerignore
#3 transferring context: 58B done
#3 DONE 0.0s

#4 [1/6] FROM docker.io/library/ubuntu:24.04@sha256:728785b59223d755e3e5c5af178fab1be7031f3522c5ccd7a0b32b80d8248123
#4 resolve docker.io/library/ubuntu:24.04@sha256:728785b59223d755e3e5c5af178fab1be7031f3522c5ccd7a0b32b80d8248123 done
#4 DONE 0.0s

#5 [internal] load build context
#5 transferring context: 2B done
#5 DONE 0.0s

#6 [2/6] RUN apt-get update
#6 CACHED

#7 [3/6] RUN apt-get install apache2 -y
#7 CACHED

#8 [4/6] ADD test.html /var/www/html
#8 ERROR: failed to calculate checksum of ref xqimbclf8yqm1lbmd53hsabo3::k6e1e4ylxzr6vy5gp3n3wh6mb: "/test.html": not found
------
 > [4/6] ADD test.html /var/www/html:
------
dockerfile:10
--------------------
   8 |     RUN apt-get install apache2 -y
   9 |     # 추가할 파일 옮기기
  10 | >>> ADD test.html /var/www/html
  11 |     # 명령어를 실행할 디렉토리 설정
  12 |     WORKDIR /var/www/html
--------------------
ERROR: failed to build: failed to solve: failed to compute cache key: failed to calculate checksum of ref xqimbclf8yqm1lbmd53hsabo3::k6e1e4ylxzr6vy5gp3n3wh6mb: "/test.html": not found
